  driver.cpp
C:\Users\15056\Downloads\cs520-hw3-ik\starter\vega\objMesh.h(214,50): warning C4267: 'return': conversion from 'size_t' to 'int', possible loss of data
C:\Users\15056\Downloads\cs520-hw3-ik\starter\vega\objMesh.h(507,35): warning C4267: 'return': conversion from 'size_t' to 'int', possible loss of data
C:\Users\15056\Downloads\cs520-hw3-ik\starter\vega\objMesh.h(613,40): warning C4267: 'argument': conversion from 'size_t' to 'unsigned int', possible loss of data
C:\Users\15056\Downloads\cs520-hw3-ik\starter\vega\objMesh.h(628,46): warning C4267: 'argument': conversion from 'size_t' to 'unsigned int', possible loss of data
C:\Users\15056\Downloads\cs520-hw3-ik\starter\vega\objMesh.h(643,40): warning C4267: 'argument': conversion from 'size_t' to 'unsigned int', possible loss of data
C:\Users\15056\Downloads\cs520-hw3-ik\starter\vega\objMesh.h(649,19): warning C4267: 'argument': conversion from 'size_t' to 'int', possible loss of data
C:\Users\15056\Downloads\cs520-hw3-ik\starter\vega\objMesh.h(658,46): warning C4267: 'argument': conversion from 'size_t' to 'unsigned int', possible loss of data
C:\Users\15056\Downloads\cs520-hw3-ik\starter\vega\objMesh.h(664,19): warning C4267: 'argument': conversion from 'size_t' to 'int', possible loss of data
C:\Users\15056\Downloads\cs520-hw3-ik\starter\vega\openGLHelper.h(119,63): warning C4244: 'argument': conversion from 'const double' to 'GLfloat', possible loss of data
C:\Users\15056\Downloads\cs520-hw3-ik\starter\vega\openGLHelper.h(119,57): warning C4244: 'argument': conversion from 'const double' to 'GLfloat', possible loss of data
C:\Users\15056\Downloads\cs520-hw3-ik\starter\vega\openGLHelper.h(119,51): warning C4244: 'argument': conversion from 'const double' to 'GLfloat', possible loss of data
C:\Users\15056\Downloads\cs520-hw3-ik\starter\vega\openGLHelper.h(123,69): warning C4244: 'argument': conversion from 'const double' to 'GLfloat', possible loss of data
C:\Users\15056\Downloads\cs520-hw3-ik\starter\vega\openGLHelper.h(123,63): warning C4244: 'argument': conversion from 'const double' to 'GLfloat', possible loss of data
C:\Users\15056\Downloads\cs520-hw3-ik\starter\vega\openGLHelper.h(123,57): warning C4244: 'argument': conversion from 'const double' to 'GLfloat', possible loss of data
C:\Users\15056\Downloads\cs520-hw3-ik\starter\adolc\Win64\include\adolc\advector.h(130,30): warning C4267: 'argument': conversion from 'size_t' to 'locint', possible loss of data
C:\Users\15056\Downloads\cs520-hw3-ik\starter\driver.cpp(99,35): warning C4267: 'argument': conversion from 'size_t' to 'int', possible loss of data
C:\Users\15056\Downloads\cs520-hw3-ik\starter\driver.cpp(222,24): warning C4305: 'argument': truncation from 'double' to 'GLfloat'
C:\Users\15056\Downloads\cs520-hw3-ik\starter\driver.cpp(418,63): warning C4267: 'argument': conversion from 'size_t' to 'int', possible loss of data
C:\Users\15056\Downloads\cs520-hw3-ik\starter\driver.cpp(418,68): warning C4267: 'argument': conversion from 'size_t' to 'int', possible loss of data
C:\Users\15056\Downloads\cs520-hw3-ik\starter\driver.cpp(445,1): warning C4267: 'argument': conversion from 'size_t' to 'int', possible loss of data
C:\Users\15056\Downloads\cs520-hw3-ik\starter\driver.cpp(470,13): warning C4244: 'argument': conversion from 'time_t' to 'unsigned int', possible loss of data
C:\Users\15056\Downloads\cs520-hw3-ik\starter\driver.cpp(506,56): warning C4267: 'argument': conversion from 'size_t' to 'int', possible loss of data
C:\Users\15056\Downloads\cs520-hw3-ik\starter\driver.cpp(554,37): warning C4244: 'argument': conversion from 'double' to 'float', possible loss of data
  FK.cpp
C:\Users\15056\Downloads\cs520-hw3-ik\starter\vega\listIO.h(66,89): warning C4267: 'argument': conversion from 'size_t' to 'int', possible loss of data
C:\Users\15056\Downloads\cs520-hw3-ik\starter\vega\listIO.h(79,59): warning C4267: 'argument': conversion from 'size_t' to 'int', possible loss of data
C:\Users\15056\Downloads\cs520-hw3-ik\starter\FK.cpp(65,34): warning C4267: '=': conversion from 'size_t' to 'int', possible loss of data
  IK.cpp
C:\Users\15056\Downloads\cs520-hw3-ik\starter\adolc\Win64\include\adolc\advector.h(130,30): warning C4267: 'argument': conversion from 'size_t' to 'locint', possible loss of data
  skeletonRenderer.cpp
C:\Users\15056\Downloads\cs520-hw3-ik\starter\vega\openGLHelper.h(119,63): warning C4244: 'argument': conversion from 'const double' to 'GLfloat', possible loss of data
C:\Users\15056\Downloads\cs520-hw3-ik\starter\vega\openGLHelper.h(119,57): warning C4244: 'argument': conversion from 'const double' to 'GLfloat', possible loss of data
C:\Users\15056\Downloads\cs520-hw3-ik\starter\vega\openGLHelper.h(119,51): warning C4244: 'argument': conversion from 'const double' to 'GLfloat', possible loss of data
C:\Users\15056\Downloads\cs520-hw3-ik\starter\vega\openGLHelper.h(123,69): warning C4244: 'argument': conversion from 'const double' to 'GLfloat', possible loss of data
C:\Users\15056\Downloads\cs520-hw3-ik\starter\vega\openGLHelper.h(123,63): warning C4244: 'argument': conversion from 'const double' to 'GLfloat', possible loss of data
C:\Users\15056\Downloads\cs520-hw3-ik\starter\vega\openGLHelper.h(123,57): warning C4244: 'argument': conversion from 'const double' to 'GLfloat', possible loss of data
C:\Users\15056\Downloads\cs520-hw3-ik\starter\skeletonRenderer.cpp(60,42): warning C4244: 'argument': conversion from 'double' to 'GLfloat', possible loss of data
C:\Users\15056\Downloads\cs520-hw3-ik\starter\skeletonRenderer.cpp(60,32): warning C4244: 'argument': conversion from 'double' to 'GLfloat', possible loss of data
C:\Users\15056\Downloads\cs520-hw3-ik\starter\skeletonRenderer.cpp(60,22): warning C4244: 'argument': conversion from 'double' to 'GLfloat', possible loss of data
  skinning.cpp
  averagingBuffer.cpp
  camera.cpp
C:\Users\15056\Downloads\cs520-hw3-ik\starter\vega\camera.cpp(259,121): warning C4244: '=': conversion from 'double' to 'float', possible loss of data
C:\Users\15056\Downloads\cs520-hw3-ik\starter\vega\camera.cpp(260,36): warning C4244: '=': conversion from 'double' to 'float', possible loss of data
C:\Users\15056\Downloads\cs520-hw3-ik\starter\vega\camera.cpp(261,121): warning C4244: '=': conversion from 'double' to 'float', possible loss of data
C:\Users\15056\Downloads\cs520-hw3-ik\starter\vega\camera.cpp(278,52): warning C4244: '=': conversion from 'double' to 'float', possible loss of data
C:\Users\15056\Downloads\cs520-hw3-ik\starter\vega\camera.cpp(279,15): warning C4244: '=': conversion from 'double' to 'float', possible loss of data
C:\Users\15056\Downloads\cs520-hw3-ik\starter\vega\camera.cpp(280,52): warning C4244: '=': conversion from 'double' to 'float', possible loss of data
C:\Users\15056\Downloads\cs520-hw3-ik\starter\vega\camera.cpp(299,30): warning C4244: '=': conversion from 'double' to 'float', possible loss of data
C:\Users\15056\Downloads\cs520-hw3-ik\starter\vega\camera.cpp(301,30): warning C4244: '=': conversion from 'double' to 'float', possible loss of data
C:\Users\15056\Downloads\cs520-hw3-ik\starter\vega\camera.cpp(326,28): warning C4244: '=': conversion from 'double' to 'float', possible loss of data
C:\Users\15056\Downloads\cs520-hw3-ik\starter\vega\camera.cpp(328,28): warning C4244: '=': conversion from 'double' to 'float', possible loss of data
C:\Users\15056\Downloads\cs520-hw3-ik\starter\vega\camera.cpp(340,50): warning C4244: '=': conversion from 'double' to 'float', possible loss of data
C:\Users\15056\Downloads\cs520-hw3-ik\starter\vega\camera.cpp(341,15): warning C4244: '=': conversion from 'double' to 'float', possible loss of data
C:\Users\15056\Downloads\cs520-hw3-ik\starter\vega\camera.cpp(342,50): warning C4244: '=': conversion from 'double' to 'float', possible loss of data
C:\Users\15056\Downloads\cs520-hw3-ik\starter\vega\camera.cpp(381,28): warning C4244: '=': conversion from 'double' to 'float', possible loss of data
C:\Users\15056\Downloads\cs520-hw3-ik\starter\vega\camera.cpp(383,28): warning C4244: '=': conversion from 'double' to 'float', possible loss of data
C:\Users\15056\Downloads\cs520-hw3-ik\starter\vega\camera.cpp(385,28): warning C4244: '=': conversion from 'double' to 'float', possible loss of data
C:\Users\15056\Downloads\cs520-hw3-ik\starter\vega\camera.cpp(387,28): warning C4244: '=': conversion from 'double' to 'float', possible loss of data
C:\Users\15056\Downloads\cs520-hw3-ik\starter\vega\camera.cpp(389,28): warning C4244: '=': conversion from 'double' to 'float', possible loss of data
C:\Users\15056\Downloads\cs520-hw3-ik\starter\vega\camera.cpp(391,28): warning C4244: '=': conversion from 'double' to 'float', possible loss of data
C:\Users\15056\Downloads\cs520-hw3-ik\starter\vega\camera.cpp(411,28): warning C4244: '=': conversion from 'double' to 'float', possible loss of data
C:\Users\15056\Downloads\cs520-hw3-ik\starter\vega\camera.cpp(413,28): warning C4244: '=': conversion from 'double' to 'float', possible loss of data
C:\Users\15056\Downloads\cs520-hw3-ik\starter\vega\camera.cpp(415,28): warning C4244: '=': conversion from 'double' to 'float', possible loss of data
C:\Users\15056\Downloads\cs520-hw3-ik\starter\vega\camera.cpp(417,28): warning C4244: '=': conversion from 'double' to 'float', possible loss of data
C:\Users\15056\Downloads\cs520-hw3-ik\starter\vega\camera.cpp(419,28): warning C4244: '=': conversion from 'double' to 'float', possible loss of data
C:\Users\15056\Downloads\cs520-hw3-ik\starter\vega\camera.cpp(421,28): warning C4244: '=': conversion from 'double' to 'float', possible loss of data
C:\Users\15056\Downloads\cs520-hw3-ik\starter\vega\camera.cpp(533,28): warning C4244: '=': conversion from 'double' to 'float', possible loss of data
C:\Users\15056\Downloads\cs520-hw3-ik\starter\vega\camera.cpp(535,28): warning C4244: '=': conversion from 'double' to 'float', possible loss of data
C:\Users\15056\Downloads\cs520-hw3-ik\starter\vega\camera.cpp(538,28): warning C4244: '=': conversion from 'double' to 'float', possible loss of data
C:\Users\15056\Downloads\cs520-hw3-ik\starter\vega\camera.cpp(540,28): warning C4244: '=': conversion from 'double' to 'float', possible loss of data
C:\Users\15056\Downloads\cs520-hw3-ik\starter\vega\camera.cpp(543,28): warning C4244: '=': conversion from 'double' to 'float', possible loss of data
C:\Users\15056\Downloads\cs520-hw3-ik\starter\vega\camera.cpp(545,29): warning C4244: '=': conversion from 'double' to 'float', possible loss of data
C:\Users\15056\Downloads\cs520-hw3-ik\starter\vega\camera.cpp(548,28): warning C4244: '=': conversion from 'double' to 'float', possible loss of data
C:\Users\15056\Downloads\cs520-hw3-ik\starter\vega\camera.cpp(549,28): warning C4244: '=': conversion from 'double' to 'float', possible loss of data
C:\Users\15056\Downloads\cs520-hw3-ik\starter\vega\camera.cpp(550,29): warning C4244: '=': conversion from 'double' to 'float', possible loss of data
C:\Users\15056\Downloads\cs520-hw3-ik\starter\vega\camera.cpp(565,28): warning C4244: '=': conversion from 'double' to 'float', possible loss of data
C:\Users\15056\Downloads\cs520-hw3-ik\starter\vega\camera.cpp(567,28): warning C4244: '=': conversion from 'double' to 'float', possible loss of data
C:\Users\15056\Downloads\cs520-hw3-ik\starter\vega\camera.cpp(570,28): warning C4244: '=': conversion from 'double' to 'float', possible loss of data
C:\Users\15056\Downloads\cs520-hw3-ik\starter\vega\camera.cpp(572,28): warning C4244: '=': conversion from 'double' to 'float', possible loss of data
C:\Users\15056\Downloads\cs520-hw3-ik\starter\vega\camera.cpp(575,28): warning C4244: '=': conversion from 'double' to 'float', possible loss of data
C:\Users\15056\Downloads\cs520-hw3-ik\starter\vega\camera.cpp(577,29): warning C4244: '=': conversion from 'double' to 'float', possible loss of data
C:\Users\15056\Downloads\cs520-hw3-ik\starter\vega\camera.cpp(580,29): warning C4244: '=': conversion from 'double' to 'float', possible loss of data
C:\Users\15056\Downloads\cs520-hw3-ik\starter\vega\camera.cpp(581,29): warning C4244: '=': conversion from 'double' to 'float', possible loss of data
C:\Users\15056\Downloads\cs520-hw3-ik\starter\vega\camera.cpp(582,29): warning C4244: '=': conversion from 'double' to 'float', possible loss of data
C:\Users\15056\Downloads\cs520-hw3-ik\starter\vega\camera.cpp(598,28): warning C4244: '=': conversion from 'double' to 'float', possible loss of data
C:\Users\15056\Downloads\cs520-hw3-ik\starter\vega\camera.cpp(600,28): warning C4244: '=': conversion from 'double' to 'float', possible loss of data
C:\Users\15056\Downloads\cs520-hw3-ik\starter\vega\camera.cpp(603,28): warning C4244: '=': conversion from 'double' to 'float', possible loss of data
C:\Users\15056\Downloads\cs520-hw3-ik\starter\vega\camera.cpp(605,28): warning C4244: '=': conversion from 'double' to 'float', possible loss of data
C:\Users\15056\Downloads\cs520-hw3-ik\starter\vega\camera.cpp(608,28): warning C4244: '=': conversion from 'double' to 'float', possible loss of data
C:\Users\15056\Downloads\cs520-hw3-ik\starter\vega\camera.cpp(610,29): warning C4244: '=': conversion from 'double' to 'float', possible loss of data
C:\Users\15056\Downloads\cs520-hw3-ik\starter\vega\camera.cpp(613,29): warning C4244: '=': conversion from 'double' to 'float', possible loss of data
C:\Users\15056\Downloads\cs520-hw3-ik\starter\vega\camera.cpp(614,29): warning C4244: '=': conversion from 'double' to 'float', possible loss of data
C:\Users\15056\Downloads\cs520-hw3-ik\starter\vega\camera.cpp(615,29): warning C4244: '=': conversion from 'double' to 'float', possible loss of data
  cameraLighting.cpp
C:\Users\15056\Downloads\cs520-hw3-ik\starter\vega\cameraLighting.cpp(95,28): warning C4244: '=': conversion from 'double' to 'float', possible loss of data
  configFile.cpp
C:\Users\15056\Downloads\cs520-hw3-ik\starter\vega\listIO.h(66,89): warning C4267: 'argument': conversion from 'size_t' to 'int', possible loss of data
C:\Users\15056\Downloads\cs520-hw3-ik\starter\vega\listIO.h(79,59): warning C4267: 'argument': conversion from 'size_t' to 'int', possible loss of data
  handleControl.cpp
C:\Users\15056\Downloads\cs520-hw3-ik\starter\vega\openGLHelper.h(119,63): warning C4244: 'argument': conversion from 'const double' to 'GLfloat', possible loss of data
C:\Users\15056\Downloads\cs520-hw3-ik\starter\vega\openGLHelper.h(119,57): warning C4244: 'argument': conversion from 'const double' to 'GLfloat', possible loss of data
C:\Users\15056\Downloads\cs520-hw3-ik\starter\vega\openGLHelper.h(119,51): warning C4244: 'argument': conversion from 'const double' to 'GLfloat', possible loss of data
C:\Users\15056\Downloads\cs520-hw3-ik\starter\vega\openGLHelper.h(123,69): warning C4244: 'argument': conversion from 'const double' to 'GLfloat', possible loss of data
C:\Users\15056\Downloads\cs520-hw3-ik\starter\vega\openGLHelper.h(123,63): warning C4244: 'argument': conversion from 'const double' to 'GLfloat', possible loss of data
C:\Users\15056\Downloads\cs520-hw3-ik\starter\vega\openGLHelper.h(123,57): warning C4244: 'argument': conversion from 'const double' to 'GLfloat', possible loss of data
  handleRender.cpp
C:\Users\15056\Downloads\cs520-hw3-ik\starter\vega\openGLHelper.h(119,63): warning C4244: 'argument': conversion from 'const double' to 'GLfloat', possible loss of data
C:\Users\15056\Downloads\cs520-hw3-ik\starter\vega\openGLHelper.h(119,57): warning C4244: 'argument': conversion from 'const double' to 'GLfloat', possible loss of data
C:\Users\15056\Downloads\cs520-hw3-ik\starter\vega\openGLHelper.h(119,51): warning C4244: 'argument': conversion from 'const double' to 'GLfloat', possible loss of data
C:\Users\15056\Downloads\cs520-hw3-ik\starter\vega\openGLHelper.h(123,69): warning C4244: 'argument': conversion from 'const double' to 'GLfloat', possible loss of data
C:\Users\15056\Downloads\cs520-hw3-ik\starter\vega\openGLHelper.h(123,63): warning C4244: 'argument': conversion from 'const double' to 'GLfloat', possible loss of data
C:\Users\15056\Downloads\cs520-hw3-ik\starter\vega\openGLHelper.h(123,57): warning C4244: 'argument': conversion from 'const double' to 'GLfloat', possible loss of data
C:\Users\15056\Downloads\cs520-hw3-ik\starter\vega\handleRender.cpp(133,15): warning C4244: 'argument': conversion from 'double' to 'GLfloat', possible loss of data
C:\Users\15056\Downloads\cs520-hw3-ik\starter\vega\handleRender.cpp(145,60): warning C4244: 'argument': conversion from 'double' to 'GLfloat', possible loss of data
C:\Users\15056\Downloads\cs520-hw3-ik\starter\vega\handleRender.cpp(145,44): warning C4244: 'argument': conversion from 'double' to 'GLfloat', possible loss of data
C:\Users\15056\Downloads\cs520-hw3-ik\starter\vega\handleRender.cpp(145,28): warning C4244: 'argument': conversion from 'double' to 'GLfloat', possible loss of data
C:\Users\15056\Downloads\cs520-hw3-ik\starter\vega\handleRender.cpp(146,70): warning C4244: 'argument': conversion from 'const double' to 'GLfloat', possible loss of data
C:\Users\15056\Downloads\cs520-hw3-ik\starter\vega\handleRender.cpp(146,51): warning C4244: 'argument': conversion from 'const double' to 'GLfloat', possible loss of data
C:\Users\15056\Downloads\cs520-hw3-ik\starter\vega\handleRender.cpp(146,32): warning C4244: 'argument': conversion from 'const double' to 'GLfloat', possible loss of data
C:\Users\15056\Downloads\cs520-hw3-ik\starter\vega\handleRender.cpp(153,60): warning C4244: 'argument': conversion from 'double' to 'GLfloat', possible loss of data
C:\Users\15056\Downloads\cs520-hw3-ik\starter\vega\handleRender.cpp(153,44): warning C4244: 'argument': conversion from 'double' to 'GLfloat', possible loss of data
C:\Users\15056\Downloads\cs520-hw3-ik\starter\vega\handleRender.cpp(153,28): warning C4244: 'argument': conversion from 'double' to 'GLfloat', possible loss of data
C:\Users\15056\Downloads\cs520-hw3-ik\starter\vega\handleRender.cpp(155,73): warning C4244: 'argument': conversion from 'double' to 'GLfloat', possible loss of data
C:\Users\15056\Downloads\cs520-hw3-ik\starter\vega\handleRender.cpp(155,53): warning C4244: 'argument': conversion from 'double' to 'GLfloat', possible loss of data
C:\Users\15056\Downloads\cs520-hw3-ik\starter\vega\handleRender.cpp(155,33): warning C4244: 'argument': conversion from 'double' to 'GLfloat', possible loss of data
C:\Users\15056\Downloads\cs520-hw3-ik\starter\vega\handleRender.cpp(167,24): warning C4244: 'argument': conversion from 'double' to 'GLfloat', possible loss of data
C:\Users\15056\Downloads\cs520-hw3-ik\starter\vega\handleRender.cpp(173,70): warning C4244: 'argument': conversion from 'const double' to 'GLfloat', possible loss of data
C:\Users\15056\Downloads\cs520-hw3-ik\starter\vega\handleRender.cpp(173,51): warning C4244: 'argument': conversion from 'const double' to 'GLfloat', possible loss of data
C:\Users\15056\Downloads\cs520-hw3-ik\starter\vega\handleRender.cpp(173,32): warning C4244: 'argument': conversion from 'const double' to 'GLfloat', possible loss of data
C:\Users\15056\Downloads\cs520-hw3-ik\starter\vega\handleRender.cpp(174,73): warning C4244: 'argument': conversion from 'double' to 'GLfloat', possible loss of data
C:\Users\15056\Downloads\cs520-hw3-ik\starter\vega\handleRender.cpp(174,53): warning C4244: 'argument': conversion from 'double' to 'GLfloat', possible loss of data
C:\Users\15056\Downloads\cs520-hw3-ik\starter\vega\handleRender.cpp(174,33): warning C4244: 'argument': conversion from 'double' to 'GLfloat', possible loss of data
C:\Users\15056\Downloads\cs520-hw3-ik\starter\vega\handleRender.cpp(206,64): warning C4244: 'argument': conversion from 'double' to 'GLfloat', possible loss of data
C:\Users\15056\Downloads\cs520-hw3-ik\starter\vega\handleRender.cpp(206,48): warning C4244: 'argument': conversion from 'double' to 'GLfloat', possible loss of data
C:\Users\15056\Downloads\cs520-hw3-ik\starter\vega\handleRender.cpp(206,32): warning C4244: 'argument': conversion from 'double' to 'GLfloat', possible loss of data
C:\Users\15056\Downloads\cs520-hw3-ik\starter\vega\handleRender.cpp(228,74): warning C4244: 'argument': conversion from 'double' to 'GLfloat', possible loss of data
C:\Users\15056\Downloads\cs520-hw3-ik\starter\vega\handleRender.cpp(228,55): warning C4244: 'argument': conversion from 'double' to 'GLfloat', possible loss of data
C:\Users\15056\Downloads\cs520-hw3-ik\starter\vega\handleRender.cpp(228,36): warning C4244: 'argument': conversion from 'double' to 'GLfloat', possible loss of data
  inputDevice.cpp
C:\Users\15056\Downloads\cs520-hw3-ik\starter\vega\openGLHelper.h(119,63): warning C4244: 'argument': conversion from 'const double' to 'GLfloat', possible loss of data
C:\Users\15056\Downloads\cs520-hw3-ik\starter\vega\openGLHelper.h(119,57): warning C4244: 'argument': conversion from 'const double' to 'GLfloat', possible loss of data
C:\Users\15056\Downloads\cs520-hw3-ik\starter\vega\openGLHelper.h(119,51): warning C4244: 'argument': conversion from 'const double' to 'GLfloat', possible loss of data
C:\Users\15056\Downloads\cs520-hw3-ik\starter\vega\openGLHelper.h(123,69): warning C4244: 'argument': conversion from 'const double' to 'GLfloat', possible loss of data
C:\Users\15056\Downloads\cs520-hw3-ik\starter\vega\openGLHelper.h(123,63): warning C4244: 'argument': conversion from 'const double' to 'GLfloat', possible loss of data
C:\Users\15056\Downloads\cs520-hw3-ik\starter\vega\openGLHelper.h(123,57): warning C4244: 'argument': conversion from 'const double' to 'GLfloat', possible loss of data
  lighting.cpp
C:\Users\15056\Downloads\cs520-hw3-ik\starter\vega\lighting.cpp(184,30): warning C4244: '=': conversion from 'const double' to 'float', possible loss of data
C:\Users\15056\Downloads\cs520-hw3-ik\starter\vega\lighting.cpp(185,30): warning C4244: '=': conversion from 'const double' to 'float', possible loss of data
  listIO.cpp
C:\Users\15056\Downloads\cs520-hw3-ik\starter\vega\listIO.h(66,89): warning C4267: 'argument': conversion from 'size_t' to 'int', possible loss of data
C:\Users\15056\Downloads\cs520-hw3-ik\starter\vega\listIO.h(79,59): warning C4267: 'argument': conversion from 'size_t' to 'int', possible loss of data
C:\Users\15056\Downloads\cs520-hw3-ik\starter\vega\listIO.cpp(129,32): warning C4267: '=': conversion from 'size_t' to 'int', possible loss of data
C:\Users\15056\Downloads\cs520-hw3-ik\starter\vega\listIO.cpp(138,71): warning C4267: 'argument': conversion from 'size_t' to 'int', possible loss of data
C:\Users\15056\Downloads\cs520-hw3-ik\starter\vega\listIO.cpp(223,56): warning C4267: 'initializing': conversion from 'size_t' to 'int', possible loss of data
C:\Users\15056\Downloads\cs520-hw3-ik\starter\vega\listIO.cpp(233,59): warning C4267: '=': conversion from 'size_t' to 'int', possible loss of data
C:\Users\15056\Downloads\cs520-hw3-ik\starter\vega\listIO.cpp(286,50): warning C4267: 'initializing': conversion from 'size_t' to 'int', possible loss of data
  mat3d.cpp
  mat4d.cpp
  matrixIO.cpp
C:\Users\15056\Downloads\cs520-hw3-ik\starter\vega\matrixIO.cpp(147,1): warning C4267: '=': conversion from 'size_t' to 'unsigned int', possible loss of data
C:\Users\15056\Downloads\cs520-hw3-ik\starter\vega\matrixIO.cpp(884): message : see reference to function template instantiation 'int ReadMatrixFromStream<double>(FILE *,int,int,double *)' being compiled
C:\Users\15056\Downloads\cs520-hw3-ik\starter\vega\matrixIO.cpp(149,12): warning C4477: 'printf' : format string '%lu' requires an argument of type 'unsigned long', but variadic argument 2 has type 'size_t'
C:\Users\15056\Downloads\cs520-hw3-ik\starter\vega\matrixIO.cpp(149,12): message : consider using '%zu' in the format string
  objMesh.cpp
C:\Users\15056\Downloads\cs520-hw3-ik\starter\vega\objMesh.cpp(2392,15): warning C4477: 'printf' : format string '%lu' requires an argument of type 'unsigned long', but variadic argument 1 has type 'size_t'
C:\Users\15056\Downloads\cs520-hw3-ik\starter\vega\objMesh.cpp(2392,15): message : consider using '%zu' in the format string
C:\Users\15056\Downloads\cs520-hw3-ik\starter\vega\objMesh.cpp(2392,15): warning C4477: 'printf' : format string '%lu' requires an argument of type 'unsigned long', but variadic argument 2 has type 'size_t'
C:\Users\15056\Downloads\cs520-hw3-ik\starter\vega\objMesh.cpp(2392,15): message : consider using '%zu' in the format string
  objMeshRender.cpp
  openGLHelper.cpp
C:\Users\15056\Downloads\cs520-hw3-ik\starter\vega\openGLHelper.h(119,63): warning C4244: 'argument': conversion from 'const double' to 'GLfloat', possible loss of data
C:\Users\15056\Downloads\cs520-hw3-ik\starter\vega\openGLHelper.h(119,57): warning C4244: 'argument': conversion from 'const double' to 'GLfloat', possible loss of data
C:\Users\15056\Downloads\cs520-hw3-ik\starter\vega\openGLHelper.h(119,51): warning C4244: 'argument': conversion from 'const double' to 'GLfloat', possible loss of data
C:\Users\15056\Downloads\cs520-hw3-ik\starter\vega\openGLHelper.h(123,69): warning C4244: 'argument': conversion from 'const double' to 'GLfloat', possible loss of data
C:\Users\15056\Downloads\cs520-hw3-ik\starter\vega\openGLHelper.h(123,63): warning C4244: 'argument': conversion from 'const double' to 'GLfloat', possible loss of data
C:\Users\15056\Downloads\cs520-hw3-ik\starter\vega\openGLHelper.h(123,57): warning C4244: 'argument': conversion from 'const double' to 'GLfloat', possible loss of data
C:\Users\15056\Downloads\cs520-hw3-ik\starter\vega\openGLHelper.cpp(149,38): warning C4244: 'argument': conversion from 'double' to 'GLfloat', possible loss of data
C:\Users\15056\Downloads\cs520-hw3-ik\starter\vega\openGLHelper.cpp(149,30): warning C4244: 'argument': conversion from 'double' to 'GLfloat', possible loss of data
C:\Users\15056\Downloads\cs520-hw3-ik\starter\vega\openGLHelper.cpp(149,22): warning C4244: 'argument': conversion from 'double' to 'GLfloat', possible loss of data
C:\Users\15056\Downloads\cs520-hw3-ik\starter\vega\openGLHelper.cpp(150,38): warning C4244: 'argument': conversion from 'double' to 'GLfloat', possible loss of data
C:\Users\15056\Downloads\cs520-hw3-ik\starter\vega\openGLHelper.cpp(150,30): warning C4244: 'argument': conversion from 'double' to 'GLfloat', possible loss of data
C:\Users\15056\Downloads\cs520-hw3-ik\starter\vega\openGLHelper.cpp(150,22): warning C4244: 'argument': conversion from 'double' to 'GLfloat', possible loss of data
C:\Users\15056\Downloads\cs520-hw3-ik\starter\vega\openGLHelper.cpp(151,38): warning C4244: 'argument': conversion from 'double' to 'GLfloat', possible loss of data
C:\Users\15056\Downloads\cs520-hw3-ik\starter\vega\openGLHelper.cpp(151,30): warning C4244: 'argument': conversion from 'double' to 'GLfloat', possible loss of data
C:\Users\15056\Downloads\cs520-hw3-ik\starter\vega\openGLHelper.cpp(151,22): warning C4244: 'argument': conversion from 'double' to 'GLfloat', possible loss of data
C:\Users\15056\Downloads\cs520-hw3-ik\starter\vega\openGLHelper.cpp(152,38): warning C4244: 'argument': conversion from 'double' to 'GLfloat', possible loss of data
C:\Users\15056\Downloads\cs520-hw3-ik\starter\vega\openGLHelper.cpp(152,30): warning C4244: 'argument': conversion from 'double' to 'GLfloat', possible loss of data
C:\Users\15056\Downloads\cs520-hw3-ik\starter\vega\openGLHelper.cpp(152,22): warning C4244: 'argument': conversion from 'double' to 'GLfloat', possible loss of data
C:\Users\15056\Downloads\cs520-hw3-ik\starter\vega\openGLHelper.cpp(153,38): warning C4244: 'argument': conversion from 'double' to 'GLfloat', possible loss of data
C:\Users\15056\Downloads\cs520-hw3-ik\starter\vega\openGLHelper.cpp(153,30): warning C4244: 'argument': conversion from 'double' to 'GLfloat', possible loss of data
C:\Users\15056\Downloads\cs520-hw3-ik\starter\vega\openGLHelper.cpp(153,22): warning C4244: 'argument': conversion from 'double' to 'GLfloat', possible loss of data
C:\Users\15056\Downloads\cs520-hw3-ik\starter\vega\openGLHelper.cpp(154,38): warning C4244: 'argument': conversion from 'double' to 'GLfloat', possible loss of data
C:\Users\15056\Downloads\cs520-hw3-ik\starter\vega\openGLHelper.cpp(154,30): warning C4244: 'argument': conversion from 'double' to 'GLfloat', possible loss of data
C:\Users\15056\Downloads\cs520-hw3-ik\starter\vega\openGLHelper.cpp(154,22): warning C4244: 'argument': conversion from 'double' to 'GLfloat', possible loss of data
C:\Users\15056\Downloads\cs520-hw3-ik\starter\vega\openGLHelper.cpp(155,38): warning C4244: 'argument': conversion from 'double' to 'GLfloat', possible loss of data
C:\Users\15056\Downloads\cs520-hw3-ik\starter\vega\openGLHelper.cpp(155,30): warning C4244: 'argument': conversion from 'double' to 'GLfloat', possible loss of data
C:\Users\15056\Downloads\cs520-hw3-ik\starter\vega\openGLHelper.cpp(155,22): warning C4244: 'argument': conversion from 'double' to 'GLfloat', possible loss of data
C:\Users\15056\Downloads\cs520-hw3-ik\starter\vega\openGLHelper.cpp(156,38): warning C4244: 'argument': conversion from 'double' to 'GLfloat', possible loss of data
C:\Users\15056\Downloads\cs520-hw3-ik\starter\vega\openGLHelper.cpp(156,30): warning C4244: 'argument': conversion from 'double' to 'GLfloat', possible loss of data
C:\Users\15056\Downloads\cs520-hw3-ik\starter\vega\openGLHelper.cpp(156,22): warning C4244: 'argument': conversion from 'double' to 'GLfloat', possible loss of data
C:\Users\15056\Downloads\cs520-hw3-ik\starter\vega\openGLHelper.cpp(158,38): warning C4244: 'argument': conversion from 'double' to 'GLfloat', possible loss of data
C:\Users\15056\Downloads\cs520-hw3-ik\starter\vega\openGLHelper.cpp(158,30): warning C4244: 'argument': conversion from 'double' to 'GLfloat', possible loss of data
C:\Users\15056\Downloads\cs520-hw3-ik\starter\vega\openGLHelper.cpp(158,22): warning C4244: 'argument': conversion from 'double' to 'GLfloat', possible loss of data
C:\Users\15056\Downloads\cs520-hw3-ik\starter\vega\openGLHelper.cpp(159,38): warning C4244: 'argument': conversion from 'double' to 'GLfloat', possible loss of data
C:\Users\15056\Downloads\cs520-hw3-ik\starter\vega\openGLHelper.cpp(159,30): warning C4244: 'argument': conversion from 'double' to 'GLfloat', possible loss of data
C:\Users\15056\Downloads\cs520-hw3-ik\starter\vega\openGLHelper.cpp(159,22): warning C4244: 'argument': conversion from 'double' to 'GLfloat', possible loss of data
C:\Users\15056\Downloads\cs520-hw3-ik\starter\vega\openGLHelper.cpp(160,38): warning C4244: 'argument': conversion from 'double' to 'GLfloat', possible loss of data
C:\Users\15056\Downloads\cs520-hw3-ik\starter\vega\openGLHelper.cpp(160,30): warning C4244: 'argument': conversion from 'double' to 'GLfloat', possible loss of data
C:\Users\15056\Downloads\cs520-hw3-ik\starter\vega\openGLHelper.cpp(160,22): warning C4244: 'argument': conversion from 'double' to 'GLfloat', possible loss of data
C:\Users\15056\Downloads\cs520-hw3-ik\starter\vega\openGLHelper.cpp(161,38): warning C4244: 'argument': conversion from 'double' to 'GLfloat', possible loss of data
C:\Users\15056\Downloads\cs520-hw3-ik\starter\vega\openGLHelper.cpp(161,30): warning C4244: 'argument': conversion from 'double' to 'GLfloat', possible loss of data
C:\Users\15056\Downloads\cs520-hw3-ik\starter\vega\openGLHelper.cpp(161,22): warning C4244: 'argument': conversion from 'double' to 'GLfloat', possible loss of data
C:\Users\15056\Downloads\cs520-hw3-ik\starter\vega\openGLHelper.cpp(162,38): warning C4244: 'argument': conversion from 'double' to 'GLfloat', possible loss of data
C:\Users\15056\Downloads\cs520-hw3-ik\starter\vega\openGLHelper.cpp(162,30): warning C4244: 'argument': conversion from 'double' to 'GLfloat', possible loss of data
C:\Users\15056\Downloads\cs520-hw3-ik\starter\vega\openGLHelper.cpp(162,22): warning C4244: 'argument': conversion from 'double' to 'GLfloat', possible loss of data
C:\Users\15056\Downloads\cs520-hw3-ik\starter\vega\openGLHelper.cpp(163,38): warning C4244: 'argument': conversion from 'double' to 'GLfloat', possible loss of data
C:\Users\15056\Downloads\cs520-hw3-ik\starter\vega\openGLHelper.cpp(163,30): warning C4244: 'argument': conversion from 'double' to 'GLfloat', possible loss of data
C:\Users\15056\Downloads\cs520-hw3-ik\starter\vega\openGLHelper.cpp(163,22): warning C4244: 'argument': conversion from 'double' to 'GLfloat', possible loss of data
C:\Users\15056\Downloads\cs520-hw3-ik\starter\vega\openGLHelper.cpp(164,38): warning C4244: 'argument': conversion from 'double' to 'GLfloat', possible loss of data
C:\Users\15056\Downloads\cs520-hw3-ik\starter\vega\openGLHelper.cpp(164,30): warning C4244: 'argument': conversion from 'double' to 'GLfloat', possible loss of data
C:\Users\15056\Downloads\cs520-hw3-ik\starter\vega\openGLHelper.cpp(164,22): warning C4244: 'argument': conversion from 'double' to 'GLfloat', possible loss of data
C:\Users\15056\Downloads\cs520-hw3-ik\starter\vega\openGLHelper.cpp(165,38): warning C4244: 'argument': conversion from 'double' to 'GLfloat', possible loss of data
C:\Users\15056\Downloads\cs520-hw3-ik\starter\vega\openGLHelper.cpp(165,30): warning C4244: 'argument': conversion from 'double' to 'GLfloat', possible loss of data
C:\Users\15056\Downloads\cs520-hw3-ik\starter\vega\openGLHelper.cpp(165,22): warning C4244: 'argument': conversion from 'double' to 'GLfloat', possible loss of data
C:\Users\15056\Downloads\cs520-hw3-ik\starter\vega\openGLHelper.cpp(167,38): warning C4244: 'argument': conversion from 'double' to 'GLfloat', possible loss of data
C:\Users\15056\Downloads\cs520-hw3-ik\starter\vega\openGLHelper.cpp(167,30): warning C4244: 'argument': conversion from 'double' to 'GLfloat', possible loss of data
C:\Users\15056\Downloads\cs520-hw3-ik\starter\vega\openGLHelper.cpp(167,22): warning C4244: 'argument': conversion from 'double' to 'GLfloat', possible loss of data
C:\Users\15056\Downloads\cs520-hw3-ik\starter\vega\openGLHelper.cpp(168,38): warning C4244: 'argument': conversion from 'double' to 'GLfloat', possible loss of data
C:\Users\15056\Downloads\cs520-hw3-ik\starter\vega\openGLHelper.cpp(168,30): warning C4244: 'argument': conversion from 'double' to 'GLfloat', possible loss of data
C:\Users\15056\Downloads\cs520-hw3-ik\starter\vega\openGLHelper.cpp(168,22): warning C4244: 'argument': conversion from 'double' to 'GLfloat', possible loss of data
C:\Users\15056\Downloads\cs520-hw3-ik\starter\vega\openGLHelper.cpp(170,38): warning C4244: 'argument': conversion from 'double' to 'GLfloat', possible loss of data
C:\Users\15056\Downloads\cs520-hw3-ik\starter\vega\openGLHelper.cpp(170,30): warning C4244: 'argument': conversion from 'double' to 'GLfloat', possible loss of data
C:\Users\15056\Downloads\cs520-hw3-ik\starter\vega\openGLHelper.cpp(170,22): warning C4244: 'argument': conversion from 'double' to 'GLfloat', possible loss of data
C:\Users\15056\Downloads\cs520-hw3-ik\starter\vega\openGLHelper.cpp(171,38): warning C4244: 'argument': conversion from 'double' to 'GLfloat', possible loss of data
C:\Users\15056\Downloads\cs520-hw3-ik\starter\vega\openGLHelper.cpp(171,30): warning C4244: 'argument': conversion from 'double' to 'GLfloat', possible loss of data
C:\Users\15056\Downloads\cs520-hw3-ik\starter\vega\openGLHelper.cpp(171,22): warning C4244: 'argument': conversion from 'double' to 'GLfloat', possible loss of data
C:\Users\15056\Downloads\cs520-hw3-ik\starter\vega\openGLHelper.cpp(173,38): warning C4244: 'argument': conversion from 'double' to 'GLfloat', possible loss of data
C:\Users\15056\Downloads\cs520-hw3-ik\starter\vega\openGLHelper.cpp(173,30): warning C4244: 'argument': conversion from 'double' to 'GLfloat', possible loss of data
C:\Users\15056\Downloads\cs520-hw3-ik\starter\vega\openGLHelper.cpp(173,22): warning C4244: 'argument': conversion from 'double' to 'GLfloat', possible loss of data
C:\Users\15056\Downloads\cs520-hw3-ik\starter\vega\openGLHelper.cpp(174,38): warning C4244: 'argument': conversion from 'double' to 'GLfloat', possible loss of data
C:\Users\15056\Downloads\cs520-hw3-ik\starter\vega\openGLHelper.cpp(174,30): warning C4244: 'argument': conversion from 'double' to 'GLfloat', possible loss of data
C:\Users\15056\Downloads\cs520-hw3-ik\starter\vega\openGLHelper.cpp(174,22): warning C4244: 'argument': conversion from 'double' to 'GLfloat', possible loss of data
C:\Users\15056\Downloads\cs520-hw3-ik\starter\vega\openGLHelper.cpp(176,38): warning C4244: 'argument': conversion from 'double' to 'GLfloat', possible loss of data
C:\Users\15056\Downloads\cs520-hw3-ik\starter\vega\openGLHelper.cpp(176,30): warning C4244: 'argument': conversion from 'double' to 'GLfloat', possible loss of data
C:\Users\15056\Downloads\cs520-hw3-ik\starter\vega\openGLHelper.cpp(176,22): warning C4244: 'argument': conversion from 'double' to 'GLfloat', possible loss of data
C:\Users\15056\Downloads\cs520-hw3-ik\starter\vega\openGLHelper.cpp(177,38): warning C4244: 'argument': conversion from 'double' to 'GLfloat', possible loss of data
C:\Users\15056\Downloads\cs520-hw3-ik\starter\vega\openGLHelper.cpp(177,30): warning C4244: 'argument': conversion from 'double' to 'GLfloat', possible loss of data
C:\Users\15056\Downloads\cs520-hw3-ik\starter\vega\openGLHelper.cpp(177,22): warning C4244: 'argument': conversion from 'double' to 'GLfloat', possible loss of data
C:\Users\15056\Downloads\cs520-hw3-ik\starter\vega\openGLHelper.cpp(241,41): warning C4244: 'argument': conversion from 'double' to 'GLfloat', possible loss of data
C:\Users\15056\Downloads\cs520-hw3-ik\starter\vega\openGLHelper.cpp(241,18): warning C4244: 'argument': conversion from 'double' to 'GLfloat', possible loss of data
C:\Users\15056\Downloads\cs520-hw3-ik\starter\vega\openGLHelper.cpp(393,52): warning C4244: 'argument': conversion from 'GLdouble' to 'GLfloat', possible loss of data
C:\Users\15056\Downloads\cs520-hw3-ik\starter\vega\openGLHelper.cpp(393,42): warning C4244: 'argument': conversion from 'GLdouble' to 'GLfloat', possible loss of data
C:\Users\15056\Downloads\cs520-hw3-ik\starter\vega\openGLHelper.cpp(393,32): warning C4244: 'argument': conversion from 'GLdouble' to 'GLfloat', possible loss of data
C:\Users\15056\Downloads\cs520-hw3-ik\starter\vega\openGLHelper.cpp(393,18): warning C4244: 'argument': conversion from 'GLdouble' to 'GLfloat', possible loss of data
C:\Users\15056\Downloads\cs520-hw3-ik\starter\vega\openGLHelper.cpp(397,29): warning C4244: 'argument': conversion from 'double' to 'GLfloat', possible loss of data
C:\Users\15056\Downloads\cs520-hw3-ik\starter\vega\openGLHelper.cpp(414,46): warning C4244: 'argument': conversion from 'const double' to 'float', possible loss of data
C:\Users\15056\Downloads\cs520-hw3-ik\starter\vega\openGLHelper.cpp(414,40): warning C4244: 'argument': conversion from 'const double' to 'float', possible loss of data
C:\Users\15056\Downloads\cs520-hw3-ik\starter\vega\openGLHelper.cpp(414,34): warning C4244: 'argument': conversion from 'const double' to 'float', possible loss of data
C:\Users\15056\Downloads\cs520-hw3-ik\starter\vega\openGLHelper.cpp(414,28): warning C4244: 'argument': conversion from 'const double' to 'float', possible loss of data
C:\Users\15056\Downloads\cs520-hw3-ik\starter\vega\openGLHelper.cpp(414,22): warning C4244: 'argument': conversion from 'const double' to 'float', possible loss of data
C:\Users\15056\Downloads\cs520-hw3-ik\starter\vega\openGLHelper.cpp(414,16): warning C4244: 'argument': conversion from 'const double' to 'float', possible loss of data
C:\Users\15056\Downloads\cs520-hw3-ik\starter\vega\openGLHelper.cpp(489,20): warning C4244: 'argument': conversion from 'double' to 'GLfloat', possible loss of data
C:\Users\15056\Downloads\cs520-hw3-ik\starter\vega\openGLHelper.cpp(489,18): warning C4244: 'argument': conversion from 'double' to 'GLfloat', possible loss of data
C:\Users\15056\Downloads\cs520-hw3-ik\starter\vega\openGLHelper.cpp(489,16): warning C4244: 'argument': conversion from 'double' to 'GLfloat', possible loss of data
C:\Users\15056\Downloads\cs520-hw3-ik\starter\vega\openGLHelper.cpp(495,26): warning C4244: 'argument': conversion from 'double' to 'GLfloat', possible loss of data
C:\Users\15056\Downloads\cs520-hw3-ik\starter\vega\openGLHelper.cpp(495,19): warning C4244: 'argument': conversion from 'double' to 'GLfloat', possible loss of data
C:\Users\15056\Downloads\cs520-hw3-ik\starter\vega\openGLHelper.cpp(495,12): warning C4244: 'argument': conversion from 'double' to 'GLfloat', possible loss of data
C:\Users\15056\Downloads\cs520-hw3-ik\starter\vega\openGLHelper.cpp(509,25): warning C4305: 'argument': truncation from 'double' to 'GLfloat'
C:\Users\15056\Downloads\cs520-hw3-ik\starter\vega\openGLHelper.cpp(543,17): warning C4244: '=': conversion from 'double' to 'float', possible loss of data
  Generating Code...
  Compiling...
  sceneObject.cpp
C:\Users\15056\Downloads\cs520-hw3-ik\starter\vega\objMesh.h(214,50): warning C4267: 'return': conversion from 'size_t' to 'int', possible loss of data
C:\Users\15056\Downloads\cs520-hw3-ik\starter\vega\objMesh.h(507,35): warning C4267: 'return': conversion from 'size_t' to 'int', possible loss of data
C:\Users\15056\Downloads\cs520-hw3-ik\starter\vega\objMesh.h(613,40): warning C4267: 'argument': conversion from 'size_t' to 'unsigned int', possible loss of data
C:\Users\15056\Downloads\cs520-hw3-ik\starter\vega\objMesh.h(628,46): warning C4267: 'argument': conversion from 'size_t' to 'unsigned int', possible loss of data
C:\Users\15056\Downloads\cs520-hw3-ik\starter\vega\objMesh.h(643,40): warning C4267: 'argument': conversion from 'size_t' to 'unsigned int', possible loss of data
C:\Users\15056\Downloads\cs520-hw3-ik\starter\vega\objMesh.h(649,19): warning C4267: 'argument': conversion from 'size_t' to 'int', possible loss of data
C:\Users\15056\Downloads\cs520-hw3-ik\starter\vega\objMesh.h(658,46): warning C4267: 'argument': conversion from 'size_t' to 'unsigned int', possible loss of data
C:\Users\15056\Downloads\cs520-hw3-ik\starter\vega\objMesh.h(664,19): warning C4267: 'argument': conversion from 'size_t' to 'int', possible loss of data
C:\Users\15056\Downloads\cs520-hw3-ik\starter\vega\sceneObject.cpp(71,29): warning C4267: '=': conversion from 'size_t' to 'int', possible loss of data
C:\Users\15056\Downloads\cs520-hw3-ik\starter\vega\sceneObject.cpp(290,45): warning C4244: 'argument': conversion from 'double' to 'float', possible loss of data
C:\Users\15056\Downloads\cs520-hw3-ik\starter\vega\sceneObject.cpp(290,37): warning C4244: 'argument': conversion from 'double' to 'float', possible loss of data
C:\Users\15056\Downloads\cs520-hw3-ik\starter\vega\sceneObject.cpp(290,29): warning C4244: 'argument': conversion from 'double' to 'float', possible loss of data
C:\Users\15056\Downloads\cs520-hw3-ik\starter\vega\sceneObject.cpp(302,38): warning C4244: 'argument': conversion from 'const double' to 'GLfloat', possible loss of data
C:\Users\15056\Downloads\cs520-hw3-ik\starter\vega\sceneObject.cpp(302,29): warning C4244: 'argument': conversion from 'const double' to 'GLfloat', possible loss of data
C:\Users\15056\Downloads\cs520-hw3-ik\starter\vega\sceneObject.cpp(302,20): warning C4244: 'argument': conversion from 'const double' to 'GLfloat', possible loss of data
C:\Users\15056\Downloads\cs520-hw3-ik\starter\vega\sceneObject.cpp(303,15): warning C4244: 'argument': conversion from 'double' to 'GLfloat', possible loss of data
C:\Users\15056\Downloads\cs520-hw3-ik\starter\vega\sceneObject.cpp(308,37): warning C4244: 'argument': conversion from 'double' to 'GLfloat', possible loss of data
C:\Users\15056\Downloads\cs520-hw3-ik\starter\vega\sceneObject.cpp(308,29): warning C4244: 'argument': conversion from 'double' to 'GLfloat', possible loss of data
C:\Users\15056\Downloads\cs520-hw3-ik\starter\vega\sceneObject.cpp(308,21): warning C4244: 'argument': conversion from 'double' to 'GLfloat', possible loss of data
  sceneObjectDeformable.cpp
C:\Users\15056\Downloads\cs520-hw3-ik\starter\vega\objMesh.h(214,50): warning C4267: 'return': conversion from 'size_t' to 'int', possible loss of data
C:\Users\15056\Downloads\cs520-hw3-ik\starter\vega\objMesh.h(507,35): warning C4267: 'return': conversion from 'size_t' to 'int', possible loss of data
C:\Users\15056\Downloads\cs520-hw3-ik\starter\vega\objMesh.h(613,40): warning C4267: 'argument': conversion from 'size_t' to 'unsigned int', possible loss of data
C:\Users\15056\Downloads\cs520-hw3-ik\starter\vega\objMesh.h(628,46): warning C4267: 'argument': conversion from 'size_t' to 'unsigned int', possible loss of data
C:\Users\15056\Downloads\cs520-hw3-ik\starter\vega\objMesh.h(643,40): warning C4267: 'argument': conversion from 'size_t' to 'unsigned int', possible loss of data
C:\Users\15056\Downloads\cs520-hw3-ik\starter\vega\objMesh.h(649,19): warning C4267: 'argument': conversion from 'size_t' to 'int', possible loss of data
C:\Users\15056\Downloads\cs520-hw3-ik\starter\vega\objMesh.h(658,46): warning C4267: 'argument': conversion from 'size_t' to 'unsigned int', possible loss of data
C:\Users\15056\Downloads\cs520-hw3-ik\starter\vega\objMesh.h(664,19): warning C4267: 'argument': conversion from 'size_t' to 'int', possible loss of data
  sceneObjectWithRestPosition.cpp
C:\Users\15056\Downloads\cs520-hw3-ik\starter\vega\objMesh.h(214,50): warning C4267: 'return': conversion from 'size_t' to 'int', possible loss of data
C:\Users\15056\Downloads\cs520-hw3-ik\starter\vega\objMesh.h(507,35): warning C4267: 'return': conversion from 'size_t' to 'int', possible loss of data
C:\Users\15056\Downloads\cs520-hw3-ik\starter\vega\objMesh.h(613,40): warning C4267: 'argument': conversion from 'size_t' to 'unsigned int', possible loss of data
C:\Users\15056\Downloads\cs520-hw3-ik\starter\vega\objMesh.h(628,46): warning C4267: 'argument': conversion from 'size_t' to 'unsigned int', possible loss of data
C:\Users\15056\Downloads\cs520-hw3-ik\starter\vega\objMesh.h(643,40): warning C4267: 'argument': conversion from 'size_t' to 'unsigned int', possible loss of data
C:\Users\15056\Downloads\cs520-hw3-ik\starter\vega\objMesh.h(649,19): warning C4267: 'argument': conversion from 'size_t' to 'int', possible loss of data
C:\Users\15056\Downloads\cs520-hw3-ik\starter\vega\objMesh.h(658,46): warning C4267: 'argument': conversion from 'size_t' to 'unsigned int', possible loss of data
C:\Users\15056\Downloads\cs520-hw3-ik\starter\vega\objMesh.h(664,19): warning C4267: 'argument': conversion from 'size_t' to 'int', possible loss of data
  vec3d.cpp
  Generating Code...
  IK.vcxproj -> C:\Users\15056\Downloads\cs520-hw3-ik\starter\VS2017\x64\Debug\IK.exe
